# JRE version: OpenJDK Runtime Environment (11.0.2+9) (build 11.0.2+9)
# Java VM: OpenJDK 64-Bit Server VM (11.0.2+9, mixed mode, tiered, compressed oops, g1 gc, windows-amd64)
Heap:
 garbage-first heap   total 408576K, used 73216K [0x00000000a0000000, 0x0000000100000000)
  region size 1024K, 6 young (6144K), 6 survivors (6144K)
 Metaspace       used 69385K, capacity 70780K, committed 70908K, reserved 1110016K
  class space    used 8909K, capacity 9497K, committed 9548K, reserved 1048576K
GC Heap History (10 events):
Event: 28.105 GC heap after
{Heap after GC invocations=37 (full 0):
 garbage-first heap   total 172032K, used 47764K [0x00000000a0000000, 0x0000000100000000)
  region size 1024K, 6 young (6144K), 6 survivors (6144K)
 Metaspace       used 68538K, capacity 69916K, committed 70012K, reserved 1110016K
  class space    used 8815K, capacity 9401K, committed 9420K, reserved 1048576K
}
Event: 28.367 GC heap before
{Heap before GC invocations=37 (full 0):
 garbage-first heap   total 172032K, used 141972K [0x00000000a0000000, 0x0000000100000000)
  region size 1024K, 98 young (100352K), 6 survivors (6144K)
 Metaspace       used 68550K, capacity 69916K, committed 70012K, reserved 1110016K
  class space    used 8817K, capacity 9401K, committed 9420K, reserved 1048576K
}
Event: 28.381 GC heap after
{Heap after GC invocations=38 (full 0):
 garbage-first heap   total 206848K, used 47252K [0x00000000a0000000, 0x0000000100000000)
  region size 1024K, 6 young (6144K), 6 survivors (6144K)
 Metaspace       used 68550K, capacity 69916K, committed 70012K, reserved 1110016K
  class space    used 8817K, capacity 9401K, committed 9420K, reserved 1048576K
}
Event: 28.863 GC heap before
{Heap before GC invocations=38 (full 0):
 garbage-first heap   total 206848K, used 159892K [0x00000000a0000000, 0x0000000100000000)
  region size 1024K, 116 young (118784K), 6 survivors (6144K)
 Metaspace       used 68630K, capacity 69980K, committed 70012K, reserved 1110016K
  class space    used 8827K, capacity 9401K, committed 9420K, reserved 1048576K
}
Event: 28.909 GC heap after
{Heap after GC invocations=39 (full 0):
 garbage-first heap   total 206848K, used 50836K [0x00000000a0000000, 0x0000000100000000)
  region size 1024K, 9 young (9216K), 9 survivors (9216K)
 Metaspace       used 68630K, capacity 69980K, committed 70012K, reserved 1110016K
  class space    used 8827K, capacity 9401K, committed 9420K, reserved 1048576K
}
Event: 29.314 GC heap before
{Heap before GC invocations=39 (full 0):
 garbage-first heap   total 206848K, used 165524K [0x00000000a0000000, 0x0000000100000000)
  region size 1024K, 121 young (123904K), 9 survivors (9216K)
 Metaspace       used 68901K, capacity 70268K, committed 70396K, reserved 1110016K
  class space    used 8852K, capacity 9433K, committed 9548K, reserved 1048576K
}
Event: 29.338 GC heap after
{Heap after GC invocations=40 (full 0):
 garbage-first heap   total 206848K, used 58535K [0x00000000a0000000, 0x0000000100000000)
  region size 1024K, 16 young (16384K), 16 survivors (16384K)
 Metaspace       used 68901K, capacity 70268K, committed 70396K, reserved 1110016K
  class space    used 8852K, capacity 9433K, committed 9548K, reserved 1048576K
}
Event: 29.740 GC heap before
{Heap before GC invocations=40 (full 0):
 garbage-first heap   total 206848K, used 164007K [0x00000000a0000000, 0x0000000100000000)
  region size 1024K, 119 young (121856K), 16 survivors (16384K)
 Metaspace       used 69150K, capacity 70556K, committed 70652K, reserved 1110016K
  class space    used 8878K, capacity 9465K, committed 9548K, reserved 1048576K
}
Event: 29.777 GC heap after
{Heap after GC invocations=41 (full 0):
 garbage-first heap   total 206848K, used 67822K [0x00000000a0000000, 0x0000000100000000)
  region size 1024K, 11 young (11264K), 11 survivors (11264K)
 Metaspace       used 69150K, capacity 70556K, committed 70652K, reserved 1110016K
  class space    used 8878K, capacity 9465K, committed 9548K, reserved 1048576K
}
Event: 30.022 GC heap before
{Heap before GC invocations=41 (full 0):
 garbage-first heap   total 206848K, used 164078K [0x00000000a0000000, 0x0000000100000000)
  region size 1024K, 105 young (107520K), 11 survivors (11264K)
 Metaspace       used 69385K, capacity 70780K, committed 70908K, reserved 1110016K
  class space    used 8909K, capacity 9497K, committed 9548K, reserved 1048576K
}

