# JRE version: OpenJDK Runtime Environment (11.0.2+9) (build 11.0.2+9)
# Java VM: OpenJDK 64-Bit Server VM (11.0.2+9, mixed mode, tiered, compressed oops, g1 gc, windows-amd64)
Heap:
 garbage-first heap   total 290816K, used 77312K [0x00000000a0000000, 0x0000000100000000)
  region size 1024K, 6 young (6144K), 6 survivors (6144K)
 Metaspace       used 71930K, capacity 73413K, committed 73520K, reserved 1114112K
  class space    used 9227K, capacity 9836K, committed 9856K, reserved 1048576K
GC Heap History (10 events):
Event: 36.000 GC heap after
{Heap after GC invocations=40 (full 0):
 garbage-first heap   total 206848K, used 52882K [0x00000000a0000000, 0x0000000100000000)
  region size 1024K, 6 young (6144K), 6 survivors (6144K)
 Metaspace       used 71111K, capacity 72549K, committed 72752K, reserved 1112064K
  class space    used 9138K, capacity 9740K, committed 9856K, reserved 1048576K
}
Event: 36.472 GC heap before
{Heap before GC invocations=40 (full 0):
 garbage-first heap   total 206848K, used 160402K [0x00000000a0000000, 0x0000000100000000)
  region size 1024K, 111 young (113664K), 6 survivors (6144K)
 Metaspace       used 71124K, capacity 72549K, committed 72752K, reserved 1112064K
  class space    used 9140K, capacity 9740K, committed 9856K, reserved 1048576K
}
Event: 36.479 GC heap after
{Heap after GC invocations=41 (full 0):
 garbage-first heap   total 206848K, used 52917K [0x00000000a0000000, 0x0000000100000000)
  region size 1024K, 6 young (6144K), 6 survivors (6144K)
 Metaspace       used 71124K, capacity 72549K, committed 72752K, reserved 1112064K
  class space    used 9140K, capacity 9740K, committed 9856K, reserved 1048576K
}
Event: 36.879 GC heap before
{Heap before GC invocations=41 (full 0):
 garbage-first heap   total 206848K, used 163509K [0x00000000a0000000, 0x0000000100000000)
  region size 1024K, 114 young (116736K), 6 survivors (6144K)
 Metaspace       used 71148K, capacity 72613K, committed 72752K, reserved 1112064K
  class space    used 9145K, capacity 9740K, committed 9856K, reserved 1048576K
}
Event: 36.888 GC heap after
{Heap after GC invocations=42 (full 0):
 garbage-first heap   total 206848K, used 53941K [0x00000000a0000000, 0x0000000100000000)
  region size 1024K, 7 young (7168K), 7 survivors (7168K)
 Metaspace       used 71148K, capacity 72613K, committed 72752K, reserved 1112064K
  class space    used 9145K, capacity 9740K, committed 9856K, reserved 1048576K
}
Event: 37.253 GC heap before
{Heap before GC invocations=42 (full 0):
 garbage-first heap   total 206848K, used 168629K [0x00000000a0000000, 0x0000000100000000)
  region size 1024K, 119 young (121856K), 7 survivors (7168K)
 Metaspace       used 71438K, capacity 72901K, committed 73008K, reserved 1112064K
  class space    used 9172K, capacity 9772K, committed 9856K, reserved 1048576K
}
Event: 37.273 GC heap after
{Heap after GC invocations=43 (full 0):
 garbage-first heap   total 206848K, used 62197K [0x00000000a0000000, 0x0000000100000000)
  region size 1024K, 15 young (15360K), 15 survivors (15360K)
 Metaspace       used 71438K, capacity 72901K, committed 73008K, reserved 1112064K
  class space    used 9172K, capacity 9772K, committed 9856K, reserved 1048576K
}
Event: 37.646 GC heap before
{Heap before GC invocations=43 (full 0):
 garbage-first heap   total 206848K, used 165621K [0x00000000a0000000, 0x0000000100000000)
  region size 1024K, 116 young (118784K), 15 survivors (15360K)
 Metaspace       used 71693K, capacity 73125K, committed 73264K, reserved 1112064K
  class space    used 9196K, capacity 9804K, committed 9856K, reserved 1048576K
}
Event: 37.685 GC heap after
{Heap after GC invocations=44 (full 0):
 garbage-first heap   total 206848K, used 71161K [0x00000000a0000000, 0x0000000100000000)
  region size 1024K, 11 young (11264K), 11 survivors (11264K)
 Metaspace       used 71693K, capacity 73125K, committed 73264K, reserved 1112064K
  class space    used 9196K, capacity 9804K, committed 9856K, reserved 1048576K
}
Event: 37.977 GC heap before
{Heap before GC invocations=44 (full 0):
 garbage-first heap   total 206848K, used 165369K [0x00000000a0000000, 0x0000000100000000)
  region size 1024K, 103 young (105472K), 11 survivors (11264K)
 Metaspace       used 71930K, capacity 73413K, committed 73520K, reserved 1114112K
  class space    used 9227K, capacity 9836K, committed 9856K, reserved 1048576K
}

